<?xml version="1.0" encoding="UTF-8"?>
<!-- Generated by org.testng.reporters.JUnitXMLReporter -->
<testsuite ignored="10" hostname="harinijp" failures="1" tests="1" name="E2E PROCESS" time="1.824" errors="0" timestamp="2025-09-08T01:49:32 IST">
  <testcase classname="testCases.EndToEndTests" name="debugLoginWithScreenshot" time="1.631">
    <failure type="org.openqa.selenium.NoSuchElementException" message="None of candidate locators found: [By.id: signin, By.cssSelector: button[aria-label=&amp;apos;Sign in&amp;apos;], By.cssSelector: a[href*=&amp;apos;login&amp;apos;], By.cssSelector: button.sign-in, .nav-signin, .btn-signin, By.xpath: //button[contains(.,&amp;apos;Sign in&amp;apos;) or contains(.,&amp;apos;Login&amp;apos;) or contains(.,&amp;apos;Sign In&amp;apos;) or contains(.,&amp;apos;Sign in&amp;apos;)]]
For documentation on this error, please visit: https://www.selenium.dev/documentation/webdriver/troubleshooting/errors#no-such-element-exception
Build info: version: &amp;apos;4.23.0&amp;apos;, revision: &amp;apos;4df0a231af&amp;apos;
System info: os.name: &amp;apos;Windows 11&amp;apos;, os.arch: &amp;apos;amd64&amp;apos;, os.version: &amp;apos;10.0&amp;apos;, java.version: &amp;apos;21.0.7&amp;apos;
Driver info: driver.version: unknown">
      <![CDATA[org.openqa.selenium.NoSuchElementException: None of candidate locators found: [By.id: signin, By.cssSelector: button[aria-label='Sign in'], By.cssSelector: a[href*='login'], By.cssSelector: button.sign-in, .nav-signin, .btn-signin, By.xpath: //button[contains(.,'Sign in') or contains(.,'Login') or contains(.,'Sign In') or contains(.,'Sign in')]]
For documentation on this error, please visit: https://www.selenium.dev/documentation/webdriver/troubleshooting/errors#no-such-element-exception
Build info: version: '4.23.0', revision: '4df0a231af'
System info: os.name: 'Windows 11', os.arch: 'amd64', os.version: '10.0', java.version: '21.0.7'
Driver info: driver.version: unknown
at pages.LoginPage.findFirstVisible(LoginPage.java:88)
at pages.LoginPage.openLoginForm(LoginPage.java:93)
at testCases.EndToEndTests.debugLoginWithScreenshot(EndToEndTests.java:105)
at java.base/java.util.ArrayList.forEach(ArrayList.java:1596)
... Removed 25 stack frames]]>
    </failure>
  </testcase> <!-- debugLoginWithScreenshot -->
  <testcase classname="testCases.EndToEndTests" name="addFirstProductToCartTest" time="0.0">
    <ignored/>
  </testcase> <!-- addFirstProductToCartTest -->
  <testcase classname="testCases.EndToEndTests" name="validSignupTest" time="0.0">
    <ignored/>
  </testcase> <!-- validSignupTest -->
  <testcase classname="testCases.EndToEndTests" name="removeItemFromCartTest" time="0.0">
    <ignored/>
  </testcase> <!-- removeItemFromCartTest -->
  <testcase classname="testCases.EndToEndTests" name="testFilterAndSort" time="0.0">
    <ignored/>
  </testcase> <!-- testFilterAndSort -->
  <testcase classname="testCases.EndToEndTests" name="sampleReportLogTest" time="0.0">
    <ignored/>
  </testcase> <!-- sampleReportLogTest -->
  <testcase classname="testCases.EndToEndTests" name="testProductSearch" time="0.0">
    <ignored/>
  </testcase> <!-- testProductSearch -->
  <testcase classname="testCases.EndToEndTests" name="addNamedProductToCartTest" time="0.0">
    <ignored/>
  </testcase> <!-- addNamedProductToCartTest -->
  <testcase classname="testCases.EndToEndTests" name="verifyHomePageLoads" time="0.0">
    <ignored/>
  </testcase> <!-- verifyHomePageLoads -->
  <testcase classname="testCases.EndToEndTests" name="increaseQuantityAndVerifySubtotal" time="0.0">
    <ignored/>
  </testcase> <!-- increaseQuantityAndVerifySubtotal -->
  <testcase classname="testCases.EndToEndTests" name="fullFlow_LoginAddCheckout_ExpectConfirmation" time="0.0">
    <ignored/>
  </testcase> <!-- fullFlow_LoginAddCheckout_ExpectConfirmation -->
</testsuite> <!-- E2E PROCESS -->
